<?xml version="1.0" encoding="UTF-8"?>
<!-- Generated by org.testng.reporters.JUnitXMLReporter -->
<testsuite ignored="0" hostname="wws-cpu-202212-34" failures="0" tests="5" name="Functional Login Regression Tests" time="40.29" errors="0" timestamp="2026-06-17T12:30:02 IST">
  <testcase classname="com.orion.tests.LoginTest" name="testInvalidLogin" time="0.958"/>
  <testcase classname="com.orion.tests.LoginTest" name="testLoginDataDriven" time="1.5"/>
  <testcase classname="com.orion.tests.LoginTest" name="testLoginDataDriven" time="0.954"/>
  <testcase classname="com.orion.tests.LoginTest" name="testLoginDataDriven" time="1.008"/>
  <testcase classname="com.orion.tests.LoginTest" name="testSuccessfulLogin" time="1.425"/>
</testsuite> <!-- Functional Login Regression Tests -->
