<?xml version="1.0" encoding="UTF-8"?>
<testng-results ignored="0" total="5" passed="5" failed="0" skipped="0">
  <reporter-output>
  </reporter-output>
  <suite started-at="2026-06-17T12:29:22 IST" name="Orion CRM Test Automation Suite" finished-at="2026-06-17T12:30:02 IST" duration-ms="40290">
    <groups>
    </groups>
    <test started-at="2026-06-17T12:29:22 IST" name="Functional Login Regression Tests" finished-at="2026-06-17T12:30:02 IST" duration-ms="40290">
      <class name="com.orion.tests.LoginTest">
        <test-method is-config="true" signature="setUp()[pri:0, instance:com.orion.tests.LoginTest@7a1a3478]" started-at="2026-06-17T12:29:22 IST" name="setUp" finished-at="2026-06-17T12:29:35 IST" duration-ms="12818" status="PASS">
          <reporter-output>
          </reporter-output>
        </test-method> <!-- setUp -->
        <test-method signature="testInvalidLogin()[pri:0, instance:com.orion.tests.LoginTest@7a1a3478]" started-at="2026-06-17T12:29:35 IST" name="testInvalidLogin" description="Verify error message is displayed when logging in with invalid credentials" finished-at="2026-06-17T12:29:36 IST" duration-ms="958" status="PASS">
          <reporter-output>
          </reporter-output>
        </test-method> <!-- testInvalidLogin -->
        <test-method is-config="true" signature="tearDown()[pri:0, instance:com.orion.tests.LoginTest@7a1a3478]" started-at="2026-06-17T12:29:36 IST" name="tearDown" finished-at="2026-06-17T12:29:36 IST" duration-ms="146" status="PASS">
          <reporter-output>
          </reporter-output>
        </test-method> <!-- tearDown -->
        <test-method is-config="true" signature="setUp()[pri:0, instance:com.orion.tests.LoginTest@7a1a3478]" started-at="2026-06-17T12:29:37 IST" name="setUp" finished-at="2026-06-17T12:29:41 IST" duration-ms="4619" status="PASS">
          <reporter-output>
          </reporter-output>
        </test-method> <!-- setUp -->
        <test-method signature="testLoginDataDriven(java.lang.String,java.lang.String,java.lang.String)[pri:0, instance:com.orion.tests.LoginTest@7a1a3478]" started-at="2026-06-17T12:29:41 IST" name="testLoginDataDriven" description="Data-driven login validations using Excel sheet" data-provider="loginExcelData" finished-at="2026-06-17T12:29:43 IST" duration-ms="1500" status="PASS">
          <params>
            <param index="0">
              <value>
                <![CDATA[tomsmith]]>
              </value>
            </param>
            <param index="1">
              <value>
                <![CDATA[SuperSecretPassword!]]>
              </value>
            </param>
            <param index="2">
              <value>
                <![CDATA[success]]>
              </value>
            </param>
          </params>
          <reporter-output>
          </reporter-output>
        </test-method> <!-- testLoginDataDriven -->
        <test-method is-config="true" signature="tearDown()[pri:0, instance:com.orion.tests.LoginTest@7a1a3478]" started-at="2026-06-17T12:29:43 IST" name="tearDown" finished-at="2026-06-17T12:29:43 IST" duration-ms="127" status="PASS">
          <reporter-output>
          </reporter-output>
        </test-method> <!-- tearDown -->
        <test-method is-config="true" signature="setUp()[pri:0, instance:com.orion.tests.LoginTest@7a1a3478]" started-at="2026-06-17T12:29:43 IST" name="setUp" finished-at="2026-06-17T12:29:48 IST" duration-ms="4680" status="PASS">
          <reporter-output>
          </reporter-output>
        </test-method> <!-- setUp -->
        <test-method signature="testLoginDataDriven(java.lang.String,java.lang.String,java.lang.String)[pri:0, instance:com.orion.tests.LoginTest@7a1a3478]" started-at="2026-06-17T12:29:48 IST" name="testLoginDataDriven" description="Data-driven login validations using Excel sheet" data-provider="loginExcelData" finished-at="2026-06-17T12:29:49 IST" duration-ms="954" status="PASS">
          <params>
            <param index="0">
              <value>
                <![CDATA[invalidUser]]>
              </value>
            </param>
            <param index="1">
              <value>
                <![CDATA[SuperSecretPassword!]]>
              </value>
            </param>
            <param index="2">
              <value>
                <![CDATA[failure]]>
              </value>
            </param>
          </params>
          <reporter-output>
          </reporter-output>
        </test-method> <!-- testLoginDataDriven -->
        <test-method is-config="true" signature="tearDown()[pri:0, instance:com.orion.tests.LoginTest@7a1a3478]" started-at="2026-06-17T12:29:49 IST" name="tearDown" finished-at="2026-06-17T12:29:49 IST" duration-ms="156" status="PASS">
          <reporter-output>
          </reporter-output>
        </test-method> <!-- tearDown -->
        <test-method is-config="true" signature="setUp()[pri:0, instance:com.orion.tests.LoginTest@7a1a3478]" started-at="2026-06-17T12:29:49 IST" name="setUp" finished-at="2026-06-17T12:29:54 IST" duration-ms="5065" status="PASS">
          <reporter-output>
          </reporter-output>
        </test-method> <!-- setUp -->
        <test-method signature="testLoginDataDriven(java.lang.String,java.lang.String,java.lang.String)[pri:0, instance:com.orion.tests.LoginTest@7a1a3478]" started-at="2026-06-17T12:29:54 IST" name="testLoginDataDriven" description="Data-driven login validations using Excel sheet" data-provider="loginExcelData" finished-at="2026-06-17T12:29:55 IST" duration-ms="1008" status="PASS">
          <params>
            <param index="0">
              <value>
                <![CDATA[tomsmith]]>
              </value>
            </param>
            <param index="1">
              <value>
                <![CDATA[wrongPassword]]>
              </value>
            </param>
            <param index="2">
              <value>
                <![CDATA[failure]]>
              </value>
            </param>
          </params>
          <reporter-output>
          </reporter-output>
        </test-method> <!-- testLoginDataDriven -->
        <test-method is-config="true" signature="tearDown()[pri:0, instance:com.orion.tests.LoginTest@7a1a3478]" started-at="2026-06-17T12:29:55 IST" name="tearDown" finished-at="2026-06-17T12:29:55 IST" duration-ms="127" status="PASS">
          <reporter-output>
          </reporter-output>
        </test-method> <!-- tearDown -->
        <test-method is-config="true" signature="setUp()[pri:0, instance:com.orion.tests.LoginTest@7a1a3478]" started-at="2026-06-17T12:29:55 IST" name="setUp" finished-at="2026-06-17T12:30:00 IST" duration-ms="5338" status="PASS">
          <reporter-output>
          </reporter-output>
        </test-method> <!-- setUp -->
        <test-method signature="testSuccessfulLogin()[pri:0, instance:com.orion.tests.LoginTest@7a1a3478]" started-at="2026-06-17T12:30:00 IST" name="testSuccessfulLogin" description="Verify successful login with valid credentials" finished-at="2026-06-17T12:30:02 IST" duration-ms="1425" status="PASS">
          <reporter-output>
          </reporter-output>
        </test-method> <!-- testSuccessfulLogin -->
        <test-method is-config="true" signature="tearDown()[pri:0, instance:com.orion.tests.LoginTest@7a1a3478]" started-at="2026-06-17T12:30:02 IST" name="tearDown" finished-at="2026-06-17T12:30:02 IST" duration-ms="169" status="PASS">
          <reporter-output>
          </reporter-output>
        </test-method> <!-- tearDown -->
      </class> <!-- com.orion.tests.LoginTest -->
    </test> <!-- Functional Login Regression Tests -->
  </suite> <!-- Orion CRM Test Automation Suite -->
</testng-results>
