<?xml version="1.0" encoding="UTF-8"?>
<testsuite xmlns:xsi="http://www.w3.org/2001/XMLSchema-instance" xsi:noNamespaceSchemaLocation="https://maven.apache.org/surefire/maven-surefire-plugin/xsd/surefire-test-report-3.0.xsd" version="3.0" name="TestSuite" time="41.496" tests="5" errors="0" skipped="0" failures="0">
  <properties>
[...]
</properties>
  <testcase name="testInvalidLogin" classname="com.orion.tests.LoginTest" time="0.963">
    <system-out><![CDATA[12:29:22.083 [main] INFO  com.orion.utils.ExtentReportManager - Initializing Extent Reports...
12:29:22.095 [main] INFO  com.orion.utils.ConfigReader - Configuration properties loaded successfully from: src/test/resources/config.properties
12:29:22.330 [main] INFO  com.orion.tests.BaseTest - Initializing WebDriver. Browser: chrome, Headless: true
12:29:31.337 [main] INFO  com.orion.tests.BaseTest - Navigating to application URL: https://the-internet.herokuapp.com/login
12:29:35.138 [main] INFO  com.orion.utils.ExtentReportManager - Test Started: testInvalidLogin
12:29:35.143 [main] INFO  com.orion.tests.LoginTest - Executing testInvalidLogin...
12:29:35.273 [main] INFO  com.orion.base.BasePage - Typed 'invalidUser' into element: By.id: username
12:29:35.380 [main] INFO  com.orion.base.BasePage - Typed 'wrongPassword' into element: By.id: password
12:29:35.962 [main] INFO  com.orion.base.BasePage - Clicked on element: By.cssSelector: button[type='submit']
12:29:35.963 [main] INFO  com.orion.tests.LoginTest - Verifying failure results...
12:29:36.042 [main] INFO  com.orion.base.BasePage - Element By.id: flash is displayed: true
12:29:36.093 [main] INFO  com.orion.base.BasePage - Retrieved text 'Your username is invalid!
×' from element: By.id: flash
12:29:36.095 [main] INFO  com.orion.utils.ExtentReportManager - Test Passed: testInvalidLogin
]]></system-out>
    <system-err><![CDATA[Jun 17, 2026 12:29:31 PM org.openqa.selenium.devtools.CdpVersionFinder findNearestMatch
WARNING: Unable to find CDP implementation matching 149
Jun 17, 2026 12:29:31 PM org.openqa.selenium.chromium.ChromiumDriver lambda$new$5
WARNING: Unable to find version of CDP to use for 149.0.7827.103. You may need to include a dependency on a specific version of the CDP using something similar to `org.seleniumhq.selenium:selenium-devtools-v86:4.21.0` where the version ("v86") matches the version of the chromium-based browser you're using and the version number of the artifact is the same as Selenium's.
]]></system-err>
  </testcase>
  <testcase name="testLoginDataDriven[tomsmith, SuperSecretPassword!, success](1)" classname="com.orion.tests.LoginTest" time="1.501">
    <system-out><![CDATA[12:29:36.102 [main] INFO  com.orion.tests.BaseTest - Quitting WebDriver instance.
12:29:36.249 [main] INFO  com.orion.tests.LoginTest - Retrieving login test data from Excel...
12:29:36.251 [main] INFO  com.orion.utils.ExcelUtils - Excel file not found at 'src/test/resources/testdata.xlsx'. Creating a default template file...
12:29:37.043 [main] INFO  com.orion.utils.ExcelUtils - Successfully created default template Excel file at: src/test/resources/testdata.xlsx
12:29:37.185 [main] INFO  com.orion.utils.ExcelUtils - Successfully loaded 3 rows of test data from sheet 'LoginData'
12:29:37.191 [main] INFO  com.orion.tests.BaseTest - Initializing WebDriver. Browser: chrome, Headless: true
12:29:38.090 [main] INFO  com.orion.tests.BaseTest - Navigating to application URL: https://the-internet.herokuapp.com/login
12:29:41.810 [main] INFO  com.orion.utils.ExtentReportManager - Test Started: testLoginDataDriven
12:29:41.812 [main] INFO  com.orion.tests.LoginTest - Executing Data-Driven Test. User: tomsmith, Expected: success
12:29:41.922 [main] INFO  com.orion.base.BasePage - Typed 'tomsmith' into element: By.id: username
12:29:42.036 [main] INFO  com.orion.base.BasePage - Typed 'SuperSecretPassword!' into element: By.id: password
12:29:42.643 [main] INFO  com.orion.base.BasePage - Clicked on element: By.cssSelector: button[type='submit']
12:29:42.708 [main] INFO  com.orion.base.BasePage - Element By.cssSelector: a[href='/logout'] is displayed: true
12:29:42.734 [main] INFO  com.orion.base.BasePage - Retrieved text 'You logged into a secure area!
×' from element: By.id: flash
12:29:43.309 [main] INFO  com.orion.base.BasePage - Clicked on element: By.cssSelector: a[href='/logout']
12:29:43.310 [main] INFO  com.orion.utils.ExtentReportManager - Test Passed: testLoginDataDriven
]]></system-out>
    <system-err><![CDATA[Jun 17, 2026 12:29:38 PM org.openqa.selenium.devtools.CdpVersionFinder findNearestMatch
WARNING: Unable to find CDP implementation matching 149
Jun 17, 2026 12:29:38 PM org.openqa.selenium.chromium.ChromiumDriver lambda$new$5
WARNING: Unable to find version of CDP to use for 149.0.7827.103. You may need to include a dependency on a specific version of the CDP using something similar to `org.seleniumhq.selenium:selenium-devtools-v86:4.21.0` where the version ("v86") matches the version of the chromium-based browser you're using and the version number of the artifact is the same as Selenium's.
]]></system-err>
  </testcase>
  <testcase name="testLoginDataDriven[invalidUser, SuperSecretPassword!, failure](2)" classname="com.orion.tests.LoginTest" time="0.956">
    <system-out><![CDATA[12:29:43.311 [main] INFO  com.orion.tests.BaseTest - Quitting WebDriver instance.
12:29:43.439 [main] INFO  com.orion.tests.BaseTest - Initializing WebDriver. Browser: chrome, Headless: true
12:29:44.431 [main] INFO  com.orion.tests.BaseTest - Navigating to application URL: https://the-internet.herokuapp.com/login
12:29:48.118 [main] INFO  com.orion.utils.ExtentReportManager - Test Started: testLoginDataDriven
12:29:48.118 [main] INFO  com.orion.tests.LoginTest - Executing Data-Driven Test. User: invalidUser, Expected: failure
12:29:48.217 [main] INFO  com.orion.base.BasePage - Typed 'invalidUser' into element: By.id: username
12:29:48.344 [main] INFO  com.orion.base.BasePage - Typed 'SuperSecretPassword!' into element: By.id: password
12:29:48.443 [main] INFO  com.orion.base.BasePage - Clicked on element: By.cssSelector: button[type='submit']
12:29:49.043 [main] INFO  com.orion.base.BasePage - Element By.id: flash is displayed: true
12:29:49.072 [main] INFO  com.orion.base.BasePage - Retrieved text 'Your username is invalid!
×' from element: By.id: flash
12:29:49.072 [main] INFO  com.orion.utils.ExtentReportManager - Test Passed: testLoginDataDriven
]]></system-out>
    <system-err><![CDATA[Jun 17, 2026 12:29:44 PM org.openqa.selenium.devtools.CdpVersionFinder findNearestMatch
WARNING: Unable to find CDP implementation matching 149
Jun 17, 2026 12:29:44 PM org.openqa.selenium.chromium.ChromiumDriver lambda$new$5
WARNING: Unable to find version of CDP to use for 149.0.7827.103. You may need to include a dependency on a specific version of the CDP using something similar to `org.seleniumhq.selenium:selenium-devtools-v86:4.21.0` where the version ("v86") matches the version of the chromium-based browser you're using and the version number of the artifact is the same as Selenium's.
]]></system-err>
  </testcase>
  <testcase name="testLoginDataDriven[tomsmith, wrongPassword, failure](3)" classname="com.orion.tests.LoginTest" time="1.008">
    <system-out><![CDATA[12:29:49.073 [main] INFO  com.orion.tests.BaseTest - Quitting WebDriver instance.
12:29:49.231 [main] INFO  com.orion.tests.BaseTest - Initializing WebDriver. Browser: chrome, Headless: true
12:29:50.343 [main] INFO  com.orion.tests.BaseTest - Navigating to application URL: https://the-internet.herokuapp.com/login
12:29:54.295 [main] INFO  com.orion.utils.ExtentReportManager - Test Started: testLoginDataDriven
12:29:54.297 [main] INFO  com.orion.tests.LoginTest - Executing Data-Driven Test. User: tomsmith, Expected: failure
12:29:54.424 [main] INFO  com.orion.base.BasePage - Typed 'tomsmith' into element: By.id: username
12:29:54.524 [main] INFO  com.orion.base.BasePage - Typed 'wrongPassword' into element: By.id: password
12:29:54.609 [main] INFO  com.orion.base.BasePage - Clicked on element: By.cssSelector: button[type='submit']
12:29:55.280 [main] INFO  com.orion.base.BasePage - Element By.id: flash is displayed: true
12:29:55.303 [main] INFO  com.orion.base.BasePage - Retrieved text 'Your password is invalid!
×' from element: By.id: flash
12:29:55.303 [main] INFO  com.orion.utils.ExtentReportManager - Test Passed: testLoginDataDriven
]]></system-out>
    <system-err><![CDATA[Jun 17, 2026 12:29:50 PM org.openqa.selenium.devtools.CdpVersionFinder findNearestMatch
WARNING: Unable to find CDP implementation matching 149
Jun 17, 2026 12:29:50 PM org.openqa.selenium.chromium.ChromiumDriver lambda$new$5
WARNING: Unable to find version of CDP to use for 149.0.7827.103. You may need to include a dependency on a specific version of the CDP using something similar to `org.seleniumhq.selenium:selenium-devtools-v86:4.21.0` where the version ("v86") matches the version of the chromium-based browser you're using and the version number of the artifact is the same as Selenium's.
]]></system-err>
  </testcase>
  <testcase name="testSuccessfulLogin" classname="com.orion.tests.LoginTest" time="1.426">
    <system-out><![CDATA[12:29:55.304 [main] INFO  com.orion.tests.BaseTest - Quitting WebDriver instance.
12:29:55.432 [main] INFO  com.orion.tests.BaseTest - Initializing WebDriver. Browser: chrome, Headless: true
12:29:56.446 [main] INFO  com.orion.tests.BaseTest - Navigating to application URL: https://the-internet.herokuapp.com/login
12:30:00.770 [main] INFO  com.orion.utils.ExtentReportManager - Test Started: testSuccessfulLogin
12:30:00.771 [main] INFO  com.orion.tests.LoginTest - Executing testSuccessfulLogin...
12:30:00.867 [main] INFO  com.orion.base.BasePage - Typed 'tomsmith' into element: By.id: username
12:30:00.950 [main] INFO  com.orion.base.BasePage - Typed 'SuperSecretPassword!' into element: By.id: password
12:30:01.026 [main] INFO  com.orion.base.BasePage - Clicked on element: By.cssSelector: button[type='submit']
12:30:01.026 [main] INFO  com.orion.tests.LoginTest - Verifying login results...
12:30:01.578 [main] INFO  com.orion.base.BasePage - Element By.cssSelector: a[href='/logout'] is displayed: true
12:30:01.605 [main] INFO  com.orion.base.BasePage - Retrieved text 'You logged into a secure area!
×' from element: By.id: flash
12:30:02.194 [main] INFO  com.orion.base.BasePage - Clicked on element: By.cssSelector: a[href='/logout']
12:30:02.195 [main] INFO  com.orion.utils.ExtentReportManager - Test Passed: testSuccessfulLogin
]]></system-out>
    <system-err><![CDATA[Jun 17, 2026 12:29:56 PM org.openqa.selenium.devtools.CdpVersionFinder findNearestMatch
WARNING: Unable to find CDP implementation matching 149
Jun 17, 2026 12:29:56 PM org.openqa.selenium.chromium.ChromiumDriver lambda$new$5
WARNING: Unable to find version of CDP to use for 149.0.7827.103. You may need to include a dependency on a specific version of the CDP using something similar to `org.seleniumhq.selenium:selenium-devtools-v86:4.21.0` where the version ("v86") matches the version of the chromium-based browser you're using and the version number of the artifact is the same as Selenium's.
]]></system-err>
  </testcase>
</testsuite>