<?xml version="1.0" encoding="UTF-8"?>
<!-- Generated by org.testng.reporters.JUnitReportReporter -->
<testsuite hostname="wws-cpu-202212-34" failures="0" tests="5" name="com.orion.tests.LoginTest" time="39.090" errors="0" timestamp="2026-06-17T12:30:02 IST" skipped="0">
  <testcase classname="com.orion.tests.LoginTest" name="testLoginDataDriven" time="6.307"/>
  <testcase classname="com.orion.tests.LoginTest" name="testLoginDataDriven" time="6.242"/>
  <testcase classname="com.orion.tests.LoginTest" name="testInvalidLogin" time="6.423"/>
  <testcase classname="com.orion.tests.LoginTest" name="testLoginDataDriven" time="5.719"/>
  <testcase classname="com.orion.tests.LoginTest" name="testSuccessfulLogin" time="14.399"/>
</testsuite> <!-- com.orion.tests.LoginTest -->
